# JRE version: OpenJDK Runtime Environment Temurin-17.0.12+7 (17.0.12+7) (build 17.0.12+7)
# Java VM: OpenJDK 64-Bit Server VM Temurin-17.0.12+7 (17.0.12+7, mixed mode, sharing, tiered, compressed oops, compressed class ptrs, parallel gc, windows-amd64)
GC Precious Log:
 CPUs: 4 total, 4 available
 Memory: 16271M
 Large Page Support: Disabled
 NUMA Support: Disabled
 Compressed Oops: Enabled (32-bit)
 Alignments: Space 512K, Generation 512K, Heap 2M
 Heap Min Capacity: 100M
 Heap Initial Capacity: 100M
 Heap Max Capacity: 1G
 Pre-touch: Disabled
 Parallel Workers: 4
Heap:
 PSYoungGen      total 3072K, used 512K [0x00000000eab00000, 0x00000000eb380000, 0x0000000100000000)
  eden space 2560K, 0% used [0x00000000eab00000,0x00000000eab00000,0x00000000ead80000)
  from space 512K, 100% used [0x00000000ead80000,0x00000000eae00000,0x00000000eae00000)
  to   space 3072K, 0% used [0x00000000eb080000,0x00000000eb080000,0x00000000eb380000)
 ParOldGen       total 193024K, used 192167K [0x00000000c0000000, 0x00000000cbc80000, 0x00000000eab00000)
  object space 193024K, 99% used [0x00000000c0000000,0x00000000cbba9db0,0x00000000cbc80000)
 Metaspace       used 82036K, committed 83328K, reserved 1179648K
  class space    used 8311K, committed 8896K, reserved 1048576K
GC Heap History (20 events):
Event: 446708.297 GC heap after
{Heap after GC invocations=593 (full 28):
 PSYoungGen      total 3072K, used 96K [0x00000000eab00000, 0x00000000eaf00000, 0x0000000100000000)
  eden space 2560K, 0% used [0x00000000eab00000,0x00000000eab00000,0x00000000ead80000)
  from space 512K, 18% used [0x00000000eae80000,0x00000000eae98000,0x00000000eaf00000)
  to   space 512K, 0% used [0x00000000ead80000,0x00000000ead80000,0x00000000eae00000)
 ParOldGen       total 193024K, used 188743K [0x00000000c0000000, 0x00000000cbc80000, 0x00000000eab00000)
  object space 193024K, 97% used [0x00000000c0000000,0x00000000cb851e50,0x00000000cbc80000)
 Metaspace       used 81462K, committed 82752K, reserved 1179648K
  class space    used 8226K, committed 8832K, reserved 1048576K
}
Event: 518800.244 GC heap before
{Heap before GC invocations=594 (full 28):
 PSYoungGen      total 3072K, used 2656K [0x00000000eab00000, 0x00000000eaf00000, 0x0000000100000000)
  eden space 2560K, 100% used [0x00000000eab00000,0x00000000ead80000,0x00000000ead80000)
  from space 512K, 18% used [0x00000000eae80000,0x00000000eae98000,0x00000000eaf00000)
  to   space 512K, 0% used [0x00000000ead80000,0x00000000ead80000,0x00000000eae00000)
 ParOldGen       total 193024K, used 188743K [0x00000000c0000000, 0x00000000cbc80000, 0x00000000eab00000)
  object space 193024K, 97% used [0x00000000c0000000,0x00000000cb851e50,0x00000000cbc80000)
 Metaspace       used 81462K, committed 82752K, reserved 1179648K
  class space    used 8226K, committed 8832K, reserved 1048576K
}
Event: 518800.246 GC heap after
{Heap after GC invocations=594 (full 28):
 PSYoungGen      total 3072K, used 128K [0x00000000eab00000, 0x00000000eaf00000, 0x0000000100000000)
  eden space 2560K, 0% used [0x00000000eab00000,0x00000000eab00000,0x00000000ead80000)
  from space 512K, 25% used [0x00000000ead80000,0x00000000eada0000,0x00000000eae00000)
  to   space 512K, 0% used [0x00000000eae80000,0x00000000eae80000,0x00000000eaf00000)
 ParOldGen       total 193024K, used 188743K [0x00000000c0000000, 0x00000000cbc80000, 0x00000000eab00000)
  object space 193024K, 97% used [0x00000000c0000000,0x00000000cb851e50,0x00000000cbc80000)
 Metaspace       used 81462K, committed 82752K, reserved 1179648K
  class space    used 8226K, committed 8832K, reserved 1048576K
}
Event: 518800.250 GC heap before
{Heap before GC invocations=595 (full 28):
 PSYoungGen      total 3072K, used 2688K [0x00000000eab00000, 0x00000000eaf00000, 0x0000000100000000)
  eden space 2560K, 100% used [0x00000000eab00000,0x00000000ead80000,0x00000000ead80000)
  from space 512K, 25% used [0x00000000ead80000,0x00000000eada0000,0x00000000eae00000)
  to   space 512K, 0% used [0x00000000eae80000,0x00000000eae80000,0x00000000eaf00000)
 ParOldGen       total 193024K, used 188743K [0x00000000c0000000, 0x00000000cbc80000, 0x00000000eab00000)
  object space 193024K, 97% used [0x00000000c0000000,0x00000000cb851e50,0x00000000cbc80000)
 Metaspace       used 81462K, committed 82752K, reserved 1179648K
  class space    used 8226K, committed 8832K, reserved 1048576K
}
Event: 518800.251 GC heap after
{Heap after GC invocations=595 (full 28):
 PSYoungGen      total 3072K, used 128K [0x00000000eab00000, 0x00000000eaf00000, 0x0000000100000000)
  eden space 2560K, 0% used [0x00000000eab00000,0x00000000eab00000,0x00000000ead80000)
  from space 512K, 25% used [0x00000000eae80000,0x00000000eaea0000,0x00000000eaf00000)
  to   space 512K, 0% used [0x00000000ead80000,0x00000000ead80000,0x00000000eae00000)
 ParOldGen       total 193024K, used 188743K [0x00000000c0000000, 0x00000000cbc80000, 0x00000000eab00000)
  object space 193024K, 97% used [0x00000000c0000000,0x00000000cb851e50,0x00000000cbc80000)
 Metaspace       used 81462K, committed 82752K, reserved 1179648K
  class space    used 8226K, committed 8832K, reserved 1048576K
}
Event: 518800.256 GC heap before
{Heap before GC invocations=596 (full 28):
 PSYoungGen      total 3072K, used 2688K [0x00000000eab00000, 0x00000000eaf00000, 0x0000000100000000)
  eden space 2560K, 100% used [0x00000000eab00000,0x00000000ead80000,0x00000000ead80000)
  from space 512K, 25% used [0x00000000eae80000,0x00000000eaea0000,0x00000000eaf00000)
  to   space 512K, 0% used [0x00000000ead80000,0x00000000ead80000,0x00000000eae00000)
 ParOldGen       total 193024K, used 188743K [0x00000000c0000000, 0x00000000cbc80000, 0x00000000eab00000)
  object space 193024K, 97% used [0x00000000c0000000,0x00000000cb851e50,0x00000000cbc80000)
 Metaspace       used 81462K, committed 82752K, reserved 1179648K
  class space    used 8226K, committed 8832K, reserved 1048576K
}
Event: 518800.256 GC heap after
{Heap after GC invocations=596 (full 28):
 PSYoungGen      total 3072K, used 128K [0x00000000eab00000, 0x00000000eaf00000, 0x0000000100000000)
  eden space 2560K, 0% used [0x00000000eab00000,0x00000000eab00000,0x00000000ead80000)
  from space 512K, 25% used [0x00000000ead80000,0x00000000eada0000,0x00000000eae00000)
  to   space 512K, 0% used [0x00000000eae80000,0x00000000eae80000,0x00000000eaf00000)
 ParOldGen       total 193024K, used 188743K [0x00000000c0000000, 0x00000000cbc80000, 0x00000000eab00000)
  object space 193024K, 97% used [0x00000000c0000000,0x00000000cb851e50,0x00000000cbc80000)
 Metaspace       used 81462K, committed 82752K, reserved 1179648K
  class space    used 8226K, committed 8832K, reserved 1048576K
}
Event: 518800.261 GC heap before
{Heap before GC invocations=597 (full 28):
 PSYoungGen      total 3072K, used 2688K [0x00000000eab00000, 0x00000000eaf00000, 0x0000000100000000)
  eden space 2560K, 100% used [0x00000000eab00000,0x00000000ead80000,0x00000000ead80000)
  from space 512K, 25% used [0x00000000ead80000,0x00000000eada0000,0x00000000eae00000)
  to   space 512K, 0% used [0x00000000eae80000,0x00000000eae80000,0x00000000eaf00000)
 ParOldGen       total 193024K, used 188743K [0x00000000c0000000, 0x00000000cbc80000, 0x00000000eab00000)
  object space 193024K, 97% used [0x00000000c0000000,0x00000000cb851e50,0x00000000cbc80000)
 Metaspace       used 81462K, committed 82752K, reserved 1179648K
  class space    used 8226K, committed 8832K, reserved 1048576K
}
Event: 518800.261 GC heap after
{Heap after GC invocations=597 (full 28):
 PSYoungGen      total 3072K, used 128K [0x00000000eab00000, 0x00000000eaf00000, 0x0000000100000000)
  eden space 2560K, 0% used [0x00000000eab00000,0x00000000eab00000,0x00000000ead80000)
  from space 512K, 25% used [0x00000000eae80000,0x00000000eaea0000,0x00000000eaf00000)
  to   space 512K, 0% used [0x00000000ead80000,0x00000000ead80000,0x00000000eae00000)
 ParOldGen       total 193024K, used 188743K [0x00000000c0000000, 0x00000000cbc80000, 0x00000000eab00000)
  object space 193024K, 97% used [0x00000000c0000000,0x00000000cb851e50,0x00000000cbc80000)
 Metaspace       used 81462K, committed 82752K, reserved 1179648K
  class space    used 8226K, committed 8832K, reserved 1048576K
}
Event: 518800.266 GC heap before
{Heap before GC invocations=598 (full 28):
 PSYoungGen      total 3072K, used 2688K [0x00000000eab00000, 0x00000000eaf00000, 0x0000000100000000)
  eden space 2560K, 100% used [0x00000000eab00000,0x00000000ead80000,0x00000000ead80000)
  from space 512K, 25% used [0x00000000eae80000,0x00000000eaea0000,0x00000000eaf00000)
  to   space 512K, 0% used [0x00000000ead80000,0x00000000ead80000,0x00000000eae00000)
 ParOldGen       total 193024K, used 188743K [0x00000000c0000000, 0x00000000cbc80000, 0x00000000eab00000)
  object space 193024K, 97% used [0x00000000c0000000,0x00000000cb851e50,0x00000000cbc80000)
 Metaspace       used 81462K, committed 82752K, reserved 1179648K
  class space    used 8226K, committed 8832K, reserved 1048576K
}
Event: 518800.266 GC heap after
{Heap after GC invocations=598 (full 28):
 PSYoungGen      total 3072K, used 128K [0x00000000eab00000, 0x00000000eaf00000, 0x0000000100000000)
  eden space 2560K, 0% used [0x00000000eab00000,0x00000000eab00000,0x00000000ead80000)
  from space 512K, 25% used [0x00000000ead80000,0x00000000eada0000,0x00000000eae00000)
  to   space 512K, 0% used [0x00000000eae80000,0x00000000eae80000,0x00000000eaf00000)
 ParOldGen       total 193024K, used 188743K [0x00000000c0000000, 0x00000000cbc80000, 0x00000000eab00000)
  object space 193024K, 97% used [0x00000000c0000000,0x00000000cb851e50,0x00000000cbc80000)
 Metaspace       used 81462K, committed 82752K, reserved 1179648K
  class space    used 8226K, committed 8832K, reserved 1048576K
}
Event: 518858.007 GC heap before
{Heap before GC invocations=599 (full 28):
 PSYoungGen      total 3072K, used 2684K [0x00000000eab00000, 0x00000000eaf00000, 0x0000000100000000)
  eden space 2560K, 99% used [0x00000000eab00000,0x00000000ead7f0d8,0x00000000ead80000)
  from space 512K, 25% used [0x00000000ead80000,0x00000000eada0000,0x00000000eae00000)
  to   space 512K, 0% used [0x00000000eae80000,0x00000000eae80000,0x00000000eaf00000)
 ParOldGen       total 193024K, used 188743K [0x00000000c0000000, 0x00000000cbc80000, 0x00000000eab00000)
  object space 193024K, 97% used [0x00000000c0000000,0x00000000cb851e50,0x00000000cbc80000)
 Metaspace       used 81707K, committed 83072K, reserved 1179648K
  class space    used 8270K, committed 8896K, reserved 1048576K
}
Event: 518858.008 GC heap after
{Heap after GC invocations=599 (full 28):
 PSYoungGen      total 3072K, used 160K [0x00000000eab00000, 0x00000000eaf00000, 0x0000000100000000)
  eden space 2560K, 0% used [0x00000000eab00000,0x00000000eab00000,0x00000000ead80000)
  from space 512K, 31% used [0x00000000eae80000,0x00000000eaea8020,0x00000000eaf00000)
  to   space 512K, 0% used [0x00000000ead80000,0x00000000ead80000,0x00000000eae00000)
 ParOldGen       total 193024K, used 188743K [0x00000000c0000000, 0x00000000cbc80000, 0x00000000eab00000)
  object space 193024K, 97% used [0x00000000c0000000,0x00000000cb851e50,0x00000000cbc80000)
 Metaspace       used 81707K, committed 83072K, reserved 1179648K
  class space    used 8270K, committed 8896K, reserved 1048576K
}
Event: 518889.090 GC heap before
{Heap before GC invocations=600 (full 28):
 PSYoungGen      total 3072K, used 2720K [0x00000000eab00000, 0x00000000eaf00000, 0x0000000100000000)
  eden space 2560K, 100% used [0x00000000eab00000,0x00000000ead80000,0x00000000ead80000)
  from space 512K, 31% used [0x00000000eae80000,0x00000000eaea8020,0x00000000eaf00000)
  to   space 512K, 0% used [0x00000000ead80000,0x00000000ead80000,0x00000000eae00000)
 ParOldGen       total 193024K, used 188743K [0x00000000c0000000, 0x00000000cbc80000, 0x00000000eab00000)
  object space 193024K, 97% used [0x00000000c0000000,0x00000000cb851e50,0x00000000cbc80000)
 Metaspace       used 82036K, committed 83328K, reserved 1179648K
  class space    used 8311K, committed 8896K, reserved 1048576K
}
Event: 518889.094 GC heap after
{Heap after GC invocations=600 (full 28):
 PSYoungGen      total 3072K, used 128K [0x00000000eab00000, 0x00000000eaf00000, 0x0000000100000000)
  eden space 2560K, 0% used [0x00000000eab00000,0x00000000eab00000,0x00000000ead80000)
  from space 512K, 25% used [0x00000000ead80000,0x00000000eada0000,0x00000000eae00000)
  to   space 512K, 0% used [0x00000000eae80000,0x00000000eae80000,0x00000000eaf00000)
 ParOldGen       total 193024K, used 188743K [0x00000000c0000000, 0x00000000cbc80000, 0x00000000eab00000)
  object space 193024K, 97% used [0x00000000c0000000,0x00000000cb851e50,0x00000000cbc80000)
 Metaspace       used 82036K, committed 83328K, reserved 1179648K
  class space    used 8311K, committed 8896K, reserved 1048576K
}
Event: 518889.155 GC heap before
{Heap before GC invocations=601 (full 28):
 PSYoungGen      total 3072K, used 2482K [0x00000000eab00000, 0x00000000eaf00000, 0x0000000100000000)
  eden space 2560K, 91% used [0x00000000eab00000,0x00000000ead4c860,0x00000000ead80000)
  from space 512K, 25% used [0x00000000ead80000,0x00000000eada0000,0x00000000eae00000)
  to   space 512K, 0% used [0x00000000eae80000,0x00000000eae80000,0x00000000eaf00000)
 ParOldGen       total 193024K, used 188743K [0x00000000c0000000, 0x00000000cbc80000, 0x00000000eab00000)
  object space 193024K, 97% used [0x00000000c0000000,0x00000000cb851e50,0x00000000cbc80000)
 Metaspace       used 82036K, committed 83328K, reserved 1179648K
  class space    used 8311K, committed 8896K, reserved 1048576K
}
Event: 518889.157 GC heap after
{Heap after GC invocations=601 (full 28):
 PSYoungGen      total 3072K, used 224K [0x00000000eab00000, 0x00000000eaf00000, 0x0000000100000000)
  eden space 2560K, 0% used [0x00000000eab00000,0x00000000eab00000,0x00000000ead80000)
  from space 512K, 43% used [0x00000000eae80000,0x00000000eaeb8000,0x00000000eaf00000)
  to   space 512K, 0% used [0x00000000ead80000,0x00000000ead80000,0x00000000eae00000)
 ParOldGen       total 193024K, used 190174K [0x00000000c0000000, 0x00000000cbc80000, 0x00000000eab00000)
  object space 193024K, 98% used [0x00000000c0000000,0x00000000cb9b7888,0x00000000cbc80000)
 Metaspace       used 82036K, committed 83328K, reserved 1179648K
  class space    used 8311K, committed 8896K, reserved 1048576K
}
Event: 518889.166 GC heap before
{Heap before GC invocations=602 (full 28):
 PSYoungGen      total 3072K, used 2784K [0x00000000eab00000, 0x00000000eaf00000, 0x0000000100000000)
  eden space 2560K, 100% used [0x00000000eab00000,0x00000000ead80000,0x00000000ead80000)
  from space 512K, 43% used [0x00000000eae80000,0x00000000eaeb8000,0x00000000eaf00000)
  to   space 512K, 0% used [0x00000000ead80000,0x00000000ead80000,0x00000000eae00000)
 ParOldGen       total 193024K, used 190174K [0x00000000c0000000, 0x00000000cbc80000, 0x00000000eab00000)
  object space 193024K, 98% used [0x00000000c0000000,0x00000000cb9b7888,0x00000000cbc80000)
 Metaspace       used 82036K, committed 83328K, reserved 1179648K
  class space    used 8311K, committed 8896K, reserved 1048576K
}
Event: 518889.169 GC heap after
{Heap after GC invocations=602 (full 28):
 PSYoungGen      total 3072K, used 512K [0x00000000eab00000, 0x00000000eb380000, 0x0000000100000000)
  eden space 2560K, 0% used [0x00000000eab00000,0x00000000eab00000,0x00000000ead80000)
  from space 512K, 100% used [0x00000000ead80000,0x00000000eae00000,0x00000000eae00000)
  to   space 3072K, 0% used [0x00000000eb080000,0x00000000eb080000,0x00000000eb380000)
 ParOldGen       total 193024K, used 192167K [0x00000000c0000000, 0x00000000cbc80000, 0x00000000eab00000)
  object space 193024K, 99% used [0x00000000c0000000,0x00000000cbba9db0,0x00000000cbc80000)
 Metaspace       used 82036K, committed 83328K, reserved 1179648K
  class space    used 8311K, committed 8896K, reserved 1048576K
}
Event: 518889.169 GC heap before
{Heap before GC invocations=603 (full 29):
 PSYoungGen      total 3072K, used 512K [0x00000000eab00000, 0x00000000eb380000, 0x0000000100000000)
  eden space 2560K, 0% used [0x00000000eab00000,0x00000000eab00000,0x00000000ead80000)
  from space 512K, 100% used [0x00000000ead80000,0x00000000eae00000,0x00000000eae00000)
  to   space 3072K, 0% used [0x00000000eb080000,0x00000000eb080000,0x00000000eb380000)
 ParOldGen       total 193024K, used 192167K [0x00000000c0000000, 0x00000000cbc80000, 0x00000000eab00000)
  object space 193024K, 99% used [0x00000000c0000000,0x00000000cbba9db0,0x00000000cbc80000)
 Metaspace       used 82036K, committed 83328K, reserved 1179648K
  class space    used 8311K, committed 8896K, reserved 1048576K
}

